Arguments: 
  /home/nicolamr/.nvm/versions/node/v7.5.0/bin/node /home/nicolamr/.nvm/versions/node/v7.5.0/bin/yarn add ooth

PATH: 
  /home/nicolamr/.nvm/versions/node/v7.5.0/bin:/opt/anaconda/bin:/home/nicolamr/.composer/vendor/bin:/opt/mongodb/bin:/opt/dynalist:/opt/thunderbird:/opt/eclipse:/home/nicolamr/.cabal/bin:/home/nicolamr/bin:/usr/local/sbin:/usr/local/bin:/usr/sbin:/usr/bin:/sbin:/bin:/usr/games:/usr/local/games:/snap/bin:/bin:/home/nicolamr/bin

Yarn version: 
  0.19.1

Node version: 
  7.5.0

Platform: 
  linux x64

npm manifest: 
  {
    "name": "graphql-with-ooth",
    "version": "0.0.0",
    "description": "This is an example of a protected graphql API, to which the user will need to authenticate using a JWT. This example API needs to be running for these example projects to work:",
    "main": "index.js",
    "scripts": {
      "start": "node --harmony-async-await index.js",
      "test": "echo \"Error: no test specified\" && exit 1"
    },
    "author": "Nicola Marcacci Rossi <nicolamr@gmail.com> (http://nmr.io)",
    "license": "ISC",
    "dependencies": {
      "body-parser": "^1.16.0",
      "cookie-parser": "^1.4.3",
      "cors": "^2.8.1",
      "express": "^4.14.1",
      "express-session": "^1.15.0",
      "graphql": "^0.9.1",
      "graphql-server-express": "^0.6.0",
      "graphql-tools": "^0.10.0",
      "mongodb": "^2.2.22",
      "morgan": "^1.8.0",
      "nodeify": "^1.0.0",
      "passport": "^0.3.2",
      "passport-jwt": "^2.2.1"
    },
    "engines": {
      "node": ">=7.5"
    }
  }

yarn manifest: 
  No manifest

Lockfile: 
  # THIS IS AN AUTOGENERATED FILE. DO NOT EDIT THIS FILE DIRECTLY.
  # yarn lockfile v1
  
  
  "@types/express-serve-static-core@*":
    version "4.0.40"
    resolved "https://registry.yarnpkg.com/@types/express-serve-static-core/-/express-serve-static-core-4.0.40.tgz#168e82978bffc81ee7737bc60728d64733a4f37b"
    dependencies:
      "@types/node" "*"
  
  "@types/express@^4.0.35":
    version "4.0.35"
    resolved "https://registry.yarnpkg.com/@types/express/-/express-4.0.35.tgz#6267c7b60a51fac473467b3c4a02cd1e441805fe"
    dependencies:
      "@types/express-serve-static-core" "*"
      "@types/serve-static" "*"
  
  "@types/graphql@^0.8.5", "@types/graphql@^0.8.6":
    version "0.8.6"
    resolved "https://registry.yarnpkg.com/@types/graphql/-/graphql-0.8.6.tgz#b34fb880493ba835b0c067024ee70130d6f9bb68"
  
  "@types/mime@*":
    version "0.0.29"
    resolved "https://registry.yarnpkg.com/@types/mime/-/mime-0.0.29.tgz#fbcfd330573b912ef59eeee14602bface630754b"
  
  "@types/node@*":
    version "7.0.5"
    resolved "https://registry.yarnpkg.com/@types/node/-/node-7.0.5.tgz#96a0f0a618b7b606f1ec547403c00650210bfbb7"
  
  "@types/serve-static@*":
    version "1.7.31"
    resolved "https://registry.yarnpkg.com/@types/serve-static/-/serve-static-1.7.31.tgz#15456de8d98d6b4cff31be6c6af7492ae63f521a"
    dependencies:
      "@types/express-serve-static-core" "*"
      "@types/mime" "*"
  
  accepts@~1.3.3:
    version "1.3.3"
    resolved "https://registry.yarnpkg.com/accepts/-/accepts-1.3.3.tgz#c3ca7434938648c3e0d9c1e328dd68b622c284ca"
    dependencies:
      mime-types "~2.1.11"
      negotiator "0.6.1"
  
  array-flatten@1.1.1:
    version "1.1.1"
    resolved "https://registry.yarnpkg.com/array-flatten/-/array-flatten-1.1.1.tgz#9a5f699051b1e7073328f2a008968b64ea2955d2"
  
  base64-url@1.3.3:
    version "1.3.3"
    resolved "https://registry.yarnpkg.com/base64-url/-/base64-url-1.3.3.tgz#f8b6c537f09a4fc58c99cb86e0b0e9c61461a20f"
  
  base64url@2.0.0, base64url@^2.0.0:
    version "2.0.0"
    resolved "https://registry.yarnpkg.com/base64url/-/base64url-2.0.0.tgz#eac16e03ea1438eff9423d69baa36262ed1f70bb"
  
  basic-auth@~1.1.0:
    version "1.1.0"
    resolved "https://registry.yarnpkg.com/basic-auth/-/basic-auth-1.1.0.tgz#45221ee429f7ee1e5035be3f51533f1cdfd29884"
  
  body-parser@^1.16.0:
    version "1.16.0"
    resolved "https://registry.yarnpkg.com/body-parser/-/body-parser-1.16.0.tgz#924a5e472c6229fb9d69b85a20d5f2532dec788b"
    dependencies:
      bytes "2.4.0"
      content-type "~1.0.2"
      debug "2.6.0"
      depd "~1.1.0"
      http-errors "~1.5.1"
      iconv-lite "0.4.15"
      on-finished "~2.3.0"
      qs "6.2.1"
      raw-body "~2.2.0"
      type-is "~1.6.14"
  
  bson@~1.0.4:
    version "1.0.4"
    resolved "https://registry.yarnpkg.com/bson/-/bson-1.0.4.tgz#93c10d39eaa5b58415cbc4052f3e53e562b0b72c"
  
  buffer-equal-constant-time@1.0.1:
    version "1.0.1"
    resolved "https://registry.yarnpkg.com/buffer-equal-constant-time/-/buffer-equal-constant-time-1.0.1.tgz#f8e71132f7ffe6e01a5c9697a4c6f3e48d5cc819"
  
  buffer-shims@^1.0.0:
    version "1.0.0"
    resolved "https://registry.yarnpkg.com/buffer-shims/-/buffer-shims-1.0.0.tgz#9978ce317388c649ad8793028c3477ef044a8b51"
  
  bytes@2.4.0:
    version "2.4.0"
    resolved "https://registry.yarnpkg.com/bytes/-/bytes-2.4.0.tgz#7d97196f9d5baf7f6935e25985549edd2a6c2339"
  
  content-disposition@0.5.2:
    version "0.5.2"
    resolved "https://registry.yarnpkg.com/content-disposition/-/content-disposition-0.5.2.tgz#0cf68bb9ddf5f2be7961c3a85178cb85dba78cb4"
  
  content-type@~1.0.2:
    version "1.0.2"
    resolved "https://registry.yarnpkg.com/content-type/-/content-type-1.0.2.tgz#b7d113aee7a8dd27bd21133c4dc2529df1721eed"
  
  cookie-parser@^1.4.3:
    version "1.4.3"
    resolved "https://registry.yarnpkg.com/cookie-parser/-/cookie-parser-1.4.3.tgz#0fe31fa19d000b95f4aadf1f53fdc2b8a203baa5"
    dependencies:
      cookie "0.3.1"
      cookie-signature "1.0.6"
  
  cookie-signature@1.0.6:
    version "1.0.6"
    resolved "https://registry.yarnpkg.com/cookie-signature/-/cookie-signature-1.0.6.tgz#e303a882b342cc3ee8ca513a79999734dab3ae2c"
  
  cookie@0.3.1:
    version "0.3.1"
    resolved "https://registry.yarnpkg.com/cookie/-/cookie-0.3.1.tgz#e7e0a1f9ef43b4c8ba925c5c5a96e806d16873bb"
  
  core-util-is@~1.0.0:
    version "1.0.2"
    resolved "https://registry.yarnpkg.com/core-util-is/-/core-util-is-1.0.2.tgz#b5fd54220aa2bc5ab57aab7140c940754503c1a7"
  
  cors@^2.8.1:
    version "2.8.1"
    resolved "https://registry.yarnpkg.com/cors/-/cors-2.8.1.tgz#6181aa56abb45a2825be3304703747ae4e9d2383"
    dependencies:
      vary "^1"
  
  crc@3.4.4:
    version "3.4.4"
    resolved "https://registry.yarnpkg.com/crc/-/crc-3.4.4.tgz#9da1e980e3bd44fc5c93bf5ab3da3378d85e466b"
  
  debug@2.6.0:
    version "2.6.0"
    resolved "https://registry.yarnpkg.com/debug/-/debug-2.6.0.tgz#bc596bcabe7617f11d9fa15361eded5608b8499b"
    dependencies:
      ms "0.7.2"
  
  debug@~2.2.0:
    version "2.2.0"
    resolved "https://registry.yarnpkg.com/debug/-/debug-2.2.0.tgz#f87057e995b1a1f6ae6a4960664137bc56f039da"
    dependencies:
      ms "0.7.1"
  
  depd@~1.1.0:
    version "1.1.0"
    resolved "https://registry.yarnpkg.com/depd/-/depd-1.1.0.tgz#e1bd82c6aab6ced965b97b88b17ed3e528ca18c3"
  
  deprecated-decorator@^0.1.6:
    version "0.1.6"
    resolved "https://registry.yarnpkg.com/deprecated-decorator/-/deprecated-decorator-0.1.6.tgz#00966317b7a12fe92f3cc831f7583af329b86c37"
  
  destroy@~1.0.4:
    version "1.0.4"
    resolved "https://registry.yarnpkg.com/destroy/-/destroy-1.0.4.tgz#978857442c44749e4206613e37946205826abd80"
  
  ecdsa-sig-formatter@1.0.9:
    version "1.0.9"
    resolved "https://registry.yarnpkg.com/ecdsa-sig-formatter/-/ecdsa-sig-formatter-1.0.9.tgz#4bc926274ec3b5abb5016e7e1d60921ac262b2a1"
    dependencies:
      base64url "^2.0.0"
      safe-buffer "^5.0.1"
  
  ee-first@1.1.1:
    version "1.1.1"
    resolved "https://registry.yarnpkg.com/ee-first/-/ee-first-1.1.1.tgz#590c61156b0ae2f4f0255732a158b266bc56b21d"
  
  encodeurl@~1.0.1:
    version "1.0.1"
    resolved "https://registry.yarnpkg.com/encodeurl/-/encodeurl-1.0.1.tgz#79e3d58655346909fe6f0f45a5de68103b294d20"
  
  es6-promise@3.2.1:
    version "3.2.1"
    resolved "https://registry.yarnpkg.com/es6-promise/-/es6-promise-3.2.1.tgz#ec56233868032909207170c39448e24449dd1fc4"
  
  escape-html@~1.0.3:
    version "1.0.3"
    resolved "https://registry.yarnpkg.com/escape-html/-/escape-html-1.0.3.tgz#0258eae4d3d0c0974de1c169188ef0051d1d1988"
  
  etag@~1.7.0:
    version "1.7.0"
    resolved "https://registry.yarnpkg.com/etag/-/etag-1.7.0.tgz#03d30b5f67dd6e632d2945d30d6652731a34d5d8"
  
  express-session@^1.15.0:
    version "1.15.0"
    resolved "https://registry.yarnpkg.com/express-session/-/express-session-1.15.0.tgz#67131dd5b78a42bc57b50af0a14880265c03f919"
    dependencies:
      cookie "0.3.1"
      cookie-signature "1.0.6"
      crc "3.4.4"
      debug "2.6.0"
      depd "~1.1.0"
      on-headers "~1.0.1"
      parseurl "~1.3.1"
      uid-safe "~2.1.3"
      utils-merge "1.0.0"
  
  express@^4.14.1:
    version "4.14.1"
    resolved "https://registry.yarnpkg.com/express/-/express-4.14.1.tgz#646c237f766f148c2120aff073817b9e4d7e0d33"
    dependencies:
      accepts "~1.3.3"
      array-flatten "1.1.1"
      content-disposition "0.5.2"
      content-type "~1.0.2"
      cookie "0.3.1"
      cookie-signature "1.0.6"
      debug "~2.2.0"
      depd "~1.1.0"
      encodeurl "~1.0.1"
      escape-html "~1.0.3"
      etag "~1.7.0"
      finalhandler "0.5.1"
      fresh "0.3.0"
      merge-descriptors "1.0.1"
      methods "~1.1.2"
      on-finished "~2.3.0"
      parseurl "~1.3.1"
      path-to-regexp "0.1.7"
      proxy-addr "~1.1.3"
      qs "6.2.0"
      range-parser "~1.2.0"
      send "0.14.2"
      serve-static "~1.11.2"
      type-is "~1.6.14"
      utils-merge "1.0.0"
      vary "~1.1.0"
  
  finalhandler@0.5.1:
    version "0.5.1"
    resolved "https://registry.yarnpkg.com/finalhandler/-/finalhandler-0.5.1.tgz#2c400d8d4530935bc232549c5fa385ec07de6fcd"
    dependencies:
      debug "~2.2.0"
      escape-html "~1.0.3"
      on-finished "~2.3.0"
      statuses "~1.3.1"
      unpipe "~1.0.0"
  
  forwarded@~0.1.0:
    version "0.1.0"
    resolved "https://registry.yarnpkg.com/forwarded/-/forwarded-0.1.0.tgz#19ef9874c4ae1c297bcf078fde63a09b66a84363"
  
  fresh@0.3.0:
    version "0.3.0"
    resolved "https://registry.yarnpkg.com/fresh/-/fresh-0.3.0.tgz#651f838e22424e7566de161d8358caa199f83d4f"
  
  graphql-server-core@^0.6.0:
    version "0.6.0"
    resolved "https://registry.yarnpkg.com/graphql-server-core/-/graphql-server-core-0.6.0.tgz#468625cba4a00f80275c065432faa481985f5a65"
    optionalDependencies:
      "@types/graphql" "^0.8.5"
  
  graphql-server-express@^0.6.0:
    version "0.6.0"
    resolved "https://registry.yarnpkg.com/graphql-server-express/-/graphql-server-express-0.6.0.tgz#516090b4add82e6ed2c4a70dd2d925031fdcc289"
    dependencies:
      graphql-server-core "^0.6.0"
      graphql-server-module-graphiql "^0.6.0"
    optionalDependencies:
      "@types/express" "^4.0.35"
      "@types/graphql" "^0.8.6"
  
  graphql-server-module-graphiql@^0.6.0:
    version "0.6.0"
    resolved "https://registry.yarnpkg.com/graphql-server-module-graphiql/-/graphql-server-module-graphiql-0.6.0.tgz#e37634b05f000731981e8ed13103f9a5861e5da0"
  
  graphql-tools@^0.10.0:
    version "0.10.0"
    resolved "https://registry.yarnpkg.com/graphql-tools/-/graphql-tools-0.10.0.tgz#9c56c8cc69f319049c02ffe9a0a138df30571761"
    dependencies:
      deprecated-decorator "^0.1.6"
      lodash "^4.3.0"
      uuid "^3.0.1"
    optionalDependencies:
      "@types/graphql" "^0.8.5"
  
  graphql@^0.9.1:
    version "0.9.1"
    resolved "https://registry.yarnpkg.com/graphql/-/graphql-0.9.1.tgz#f4d154cbec054d4a5d3b1be95f23435c09aa86c8"
    dependencies:
      iterall "1.0.3"
  
  hoek@2.x.x:
    version "2.16.3"
    resolved "https://registry.yarnpkg.com/hoek/-/hoek-2.16.3.tgz#20bb7403d3cea398e91dc4710a8ff1b8274a25ed"
  
  http-errors@~1.5.1:
    version "1.5.1"
    resolved "https://registry.yarnpkg.com/http-errors/-/http-errors-1.5.1.tgz#788c0d2c1de2c81b9e6e8c01843b6b97eb920750"
    dependencies:
      inherits "2.0.3"
      setprototypeof "1.0.2"
      statuses ">= 1.3.1 < 2"
  
  iconv-lite@0.4.15:
    version "0.4.15"
    resolved "https://registry.yarnpkg.com/iconv-lite/-/iconv-lite-0.4.15.tgz#fe265a218ac6a57cfe854927e9d04c19825eddeb"
  
  inherits@2.0.3, inherits@~2.0.1:
    version "2.0.3"
    resolved "https://registry.yarnpkg.com/inherits/-/inherits-2.0.3.tgz#633c2c83e3da42a502f52466022480f4208261de"
  
  ipaddr.js@1.2.0:
    version "1.2.0"
    resolved "https://registry.yarnpkg.com/ipaddr.js/-/ipaddr.js-1.2.0.tgz#8aba49c9192799585bdd643e0ccb50e8ae777ba4"
  
  is-promise@~1, is-promise@~1.0.0:
    version "1.0.1"
    resolved "https://registry.yarnpkg.com/is-promise/-/is-promise-1.0.1.tgz#31573761c057e33c2e91aab9e96da08cefbe76e5"
  
  isarray@~1.0.0:
    version "1.0.0"
    resolved "https://registry.yarnpkg.com/isarray/-/isarray-1.0.0.tgz#bb935d48582cba168c06834957a54a3e07124f11"
  
  isemail@1.x.x:
    version "1.2.0"
    resolved "https://registry.yarnpkg.com/isemail/-/isemail-1.2.0.tgz#be03df8cc3e29de4d2c5df6501263f1fa4595e9a"
  
  iterall@1.0.3:
    version "1.0.3"
    resolved "https://registry.yarnpkg.com/iterall/-/iterall-1.0.3.tgz#e0b31958f835013c323ff0b10943829ac69aa4b7"
  
  joi@^6.10.1:
    version "6.10.1"
    resolved "https://registry.yarnpkg.com/joi/-/joi-6.10.1.tgz#4d50c318079122000fe5f16af1ff8e1917b77e06"
    dependencies:
      hoek "2.x.x"
      isemail "1.x.x"
      moment "2.x.x"
      topo "1.x.x"
  
  jsonwebtoken@^7.0.0:
    version "7.2.1"
    resolved "https://registry.yarnpkg.com/jsonwebtoken/-/jsonwebtoken-7.2.1.tgz#0fc7217473fc02b4c9aa1e188aa70b51bba4fccb"
    dependencies:
      joi "^6.10.1"
      jws "^3.1.4"
      lodash.once "^4.0.0"
      ms "^0.7.1"
      xtend "^4.0.1"
  
  jwa@^1.1.4:
    version "1.1.5"
    resolved "https://registry.yarnpkg.com/jwa/-/jwa-1.1.5.tgz#a0552ce0220742cd52e153774a32905c30e756e5"
    dependencies:
      base64url "2.0.0"
      buffer-equal-constant-time "1.0.1"
      ecdsa-sig-formatter "1.0.9"
      safe-buffer "^5.0.1"
  
  jws@^3.1.4:
    version "3.1.4"
    resolved "https://registry.yarnpkg.com/jws/-/jws-3.1.4.tgz#f9e8b9338e8a847277d6444b1464f61880e050a2"
    dependencies:
      base64url "^2.0.0"
      jwa "^1.1.4"
      safe-buffer "^5.0.1"
  
  lodash.once@^4.0.0:
    version "4.1.1"
    resolved "https://registry.yarnpkg.com/lodash.once/-/lodash.once-4.1.1.tgz#0dd3971213c7c56df880977d504c88fb471a97ac"
  
  lodash@^4.3.0:
    version "4.17.4"
    resolved "https://registry.yarnpkg.com/lodash/-/lodash-4.17.4.tgz#78203a4d1c328ae1d86dca6460e369b57f4055ae"
  
  media-typer@0.3.0:
    version "0.3.0"
    resolved "https://registry.yarnpkg.com/media-typer/-/media-typer-0.3.0.tgz#8710d7af0aa626f8fffa1ce00168545263255748"
  
  merge-descriptors@1.0.1:
    version "1.0.1"
    resolved "https://registry.yarnpkg.com/merge-descriptors/-/merge-descriptors-1.0.1.tgz#b00aaa556dd8b44568150ec9d1b953f3f90cbb61"
  
  methods@~1.1.2:
    version "1.1.2"
    resolved "https://registry.yarnpkg.com/methods/-/methods-1.1.2.tgz#5529a4d67654134edcc5266656835b0f851afcee"
  
  mime-db@~1.26.0:
    version "1.26.0"
    resolved "https://registry.yarnpkg.com/mime-db/-/mime-db-1.26.0.tgz#eaffcd0e4fc6935cf8134da246e2e6c35305adff"
  
  mime-types@~2.1.11, mime-types@~2.1.13:
    version "2.1.14"
    resolved "https://registry.yarnpkg.com/mime-types/-/mime-types-2.1.14.tgz#f7ef7d97583fcaf3b7d282b6f8b5679dab1e94ee"
    dependencies:
      mime-db "~1.26.0"
  
  mime@1.3.4:
    version "1.3.4"
    resolved "https://registry.yarnpkg.com/mime/-/mime-1.3.4.tgz#115f9e3b6b3daf2959983cb38f149a2d40eb5d53"
  
  moment@2.x.x:
    version "2.17.1"
    resolved "https://registry.yarnpkg.com/moment/-/moment-2.17.1.tgz#fed9506063f36b10f066c8b59a144d7faebe1d82"
  
  mongodb-core@2.1.7:
    version "2.1.7"
    resolved "https://registry.yarnpkg.com/mongodb-core/-/mongodb-core-2.1.7.tgz#6a27909b98142ef2508d924c274969008954fa29"
    dependencies:
      bson "~1.0.4"
      require_optional "~1.0.0"
  
  mongodb@^2.2.22:
    version "2.2.22"
    resolved "https://registry.yarnpkg.com/mongodb/-/mongodb-2.2.22.tgz#d67c588fc08f922db19754b1d2e03e2d7d1319fb"
    dependencies:
      es6-promise "3.2.1"
      mongodb-core "2.1.7"
      readable-stream "2.1.5"
  
  morgan@^1.8.0:
    version "1.8.0"
    resolved "https://registry.yarnpkg.com/morgan/-/morgan-1.8.0.tgz#7884d7816b7e5a22db11a9e3a572b197a0e5566c"
    dependencies:
      basic-auth "~1.1.0"
      debug "2.6.0"
      depd "~1.1.0"
      on-finished "~2.3.0"
      on-headers "~1.0.1"
  
  ms@0.7.1:
    version "0.7.1"
    resolved "https://registry.yarnpkg.com/ms/-/ms-0.7.1.tgz#9cd13c03adbff25b65effde7ce864ee952017098"
  
  ms@0.7.2, ms@^0.7.1:
    version "0.7.2"
    resolved "https://registry.yarnpkg.com/ms/-/ms-0.7.2.tgz#ae25cf2512b3885a1d95d7f037868d8431124765"
  
  negotiator@0.6.1:
    version "0.6.1"
    resolved "https://registry.yarnpkg.com/negotiator/-/negotiator-0.6.1.tgz#2b327184e8992101177b28563fb5e7102acd0ca9"
  
  nodeify@^1.0.0:
    version "1.0.0"
    resolved "https://registry.yarnpkg.com/nodeify/-/nodeify-1.0.0.tgz#2a106c7bfbd6b8490dd53c130ddbfe2ae639a856"
    dependencies:
      is-promise "~1.0.0"
      promise "~1.3.0"
  
  on-finished@~2.3.0:
    version "2.3.0"
    resolved "https://registry.yarnpkg.com/on-finished/-/on-finished-2.3.0.tgz#20f1336481b083cd75337992a16971aa2d906947"
    dependencies:
      ee-first "1.1.1"
  
  on-headers@~1.0.1:
    version "1.0.1"
    resolved "https://registry.yarnpkg.com/on-headers/-/on-headers-1.0.1.tgz#928f5d0f470d49342651ea6794b0857c100693f7"
  
  parseurl@~1.3.1:
    version "1.3.1"
    resolved "https://registry.yarnpkg.com/parseurl/-/parseurl-1.3.1.tgz#c8ab8c9223ba34888aa64a297b28853bec18da56"
  
  passport-jwt@^2.2.1:
    version "2.2.1"
    resolved "https://registry.yarnpkg.com/passport-jwt/-/passport-jwt-2.2.1.tgz#0e004c94071319d673d9d9bcfd1574a868011527"
    dependencies:
      jsonwebtoken "^7.0.0"
      passport-strategy "^1.0.0"
  
  passport-strategy@1.x.x, passport-strategy@^1.0.0:
    version "1.0.0"
    resolved "https://registry.yarnpkg.com/passport-strategy/-/passport-strategy-1.0.0.tgz#b5539aa8fc225a3d1ad179476ddf236b440f52e4"
  
  passport@^0.3.2:
    version "0.3.2"
    resolved "https://registry.yarnpkg.com/passport/-/passport-0.3.2.tgz#9dd009f915e8fe095b0124a01b8f82da07510102"
    dependencies:
      passport-strategy "1.x.x"
      pause "0.0.1"
  
  path-to-regexp@0.1.7:
    version "0.1.7"
    resolved "https://registry.yarnpkg.com/path-to-regexp/-/path-to-regexp-0.1.7.tgz#df604178005f522f15eb4490e7247a1bfaa67f8c"
  
  pause@0.0.1:
    version "0.0.1"
    resolved "https://registry.yarnpkg.com/pause/-/pause-0.0.1.tgz#1d408b3fdb76923b9543d96fb4c9dfd535d9cb5d"
  
  process-nextick-args@~1.0.6:
    version "1.0.7"
    resolved "https://registry.yarnpkg.com/process-nextick-args/-/process-nextick-args-1.0.7.tgz#150e20b756590ad3f91093f25a4f2ad8bff30ba3"
  
  promise@~1.3.0:
    version "1.3.0"
    resolved "https://registry.yarnpkg.com/promise/-/promise-1.3.0.tgz#e5cc9a4c8278e4664ffedc01c7da84842b040175"
    dependencies:
      is-promise "~1"
  
  proxy-addr@~1.1.3:
    version "1.1.3"
    resolved "https://registry.yarnpkg.com/proxy-addr/-/proxy-addr-1.1.3.tgz#dc97502f5722e888467b3fa2297a7b1ff47df074"
    dependencies:
      forwarded "~0.1.0"
      ipaddr.js "1.2.0"
  
  qs@6.2.0:
    version "6.2.0"
    resolved "https://registry.yarnpkg.com/qs/-/qs-6.2.0.tgz#3b7848c03c2dece69a9522b0fae8c4126d745f3b"
  
  qs@6.2.1:
    version "6.2.1"
    resolved "https://registry.yarnpkg.com/qs/-/qs-6.2.1.tgz#ce03c5ff0935bc1d9d69a9f14cbd18e568d67625"
  
  random-bytes@~1.0.0:
    version "1.0.0"
    resolved "https://registry.yarnpkg.com/random-bytes/-/random-bytes-1.0.0.tgz#4f68a1dc0ae58bd3fb95848c30324db75d64360b"
  
  range-parser@~1.2.0:
    version "1.2.0"
    resolved "https://registry.yarnpkg.com/range-parser/-/range-parser-1.2.0.tgz#f49be6b487894ddc40dcc94a322f611092e00d5e"
  
  raw-body@~2.2.0:
    version "2.2.0"
    resolved "https://registry.yarnpkg.com/raw-body/-/raw-body-2.2.0.tgz#994976cf6a5096a41162840492f0bdc5d6e7fb96"
    dependencies:
      bytes "2.4.0"
      iconv-lite "0.4.15"
      unpipe "1.0.0"
  
  readable-stream@2.1.5:
    version "2.1.5"
    resolved "https://registry.yarnpkg.com/readable-stream/-/readable-stream-2.1.5.tgz#66fa8b720e1438b364681f2ad1a63c618448c9d0"
    dependencies:
      buffer-shims "^1.0.0"
      core-util-is "~1.0.0"
      inherits "~2.0.1"
      isarray "~1.0.0"
      process-nextick-args "~1.0.6"
      string_decoder "~0.10.x"
      util-deprecate "~1.0.1"
  
  require_optional@~1.0.0:
    version "1.0.0"
    resolved "https://registry.yarnpkg.com/require_optional/-/require_optional-1.0.0.tgz#52a86137a849728eb60a55533617f8f914f59abf"
    dependencies:
      resolve-from "^2.0.0"
      semver "^5.1.0"
  
  resolve-from@^2.0.0:
    version "2.0.0"
    resolved "https://registry.yarnpkg.com/resolve-from/-/resolve-from-2.0.0.tgz#9480ab20e94ffa1d9e80a804c7ea147611966b57"
  
  safe-buffer@^5.0.1:
    version "5.0.1"
    resolved "https://registry.yarnpkg.com/safe-buffer/-/safe-buffer-5.0.1.tgz#d263ca54696cd8a306b5ca6551e92de57918fbe7"
  
  semver@^5.1.0:
    version "5.3.0"
    resolved "https://registry.yarnpkg.com/semver/-/semver-5.3.0.tgz#9b2ce5d3de02d17c6012ad326aa6b4d0cf54f94f"
  
  send@0.14.2:
    version "0.14.2"
    resolved "https://registry.yarnpkg.com/send/-/send-0.14.2.tgz#39b0438b3f510be5dc6f667a11f71689368cdeef"
    dependencies:
      debug "~2.2.0"
      depd "~1.1.0"
      destroy "~1.0.4"
      encodeurl "~1.0.1"
      escape-html "~1.0.3"
      etag "~1.7.0"
      fresh "0.3.0"
      http-errors "~1.5.1"
      mime "1.3.4"
      ms "0.7.2"
      on-finished "~2.3.0"
      range-parser "~1.2.0"
      statuses "~1.3.1"
  
  serve-static@~1.11.2:
    version "1.11.2"
    resolved "https://registry.yarnpkg.com/serve-static/-/serve-static-1.11.2.tgz#2cf9889bd4435a320cc36895c9aa57bd662e6ac7"
    dependencies:
      encodeurl "~1.0.1"
      escape-html "~1.0.3"
      parseurl "~1.3.1"
      send "0.14.2"
  
  setprototypeof@1.0.2:
    version "1.0.2"
    resolved "https://registry.yarnpkg.com/setprototypeof/-/setprototypeof-1.0.2.tgz#81a552141ec104b88e89ce383103ad5c66564d08"
  
  "statuses@>= 1.3.1 < 2", statuses@~1.3.1:
    version "1.3.1"
    resolved "https://registry.yarnpkg.com/statuses/-/statuses-1.3.1.tgz#faf51b9eb74aaef3b3acf4ad5f61abf24cb7b93e"
  
  string_decoder@~0.10.x:
    version "0.10.31"
    resolved "https://registry.yarnpkg.com/string_decoder/-/string_decoder-0.10.31.tgz#62e203bc41766c6c28c9fc84301dab1c5310fa94"
  
  topo@1.x.x:
    version "1.1.0"
    resolved "https://registry.yarnpkg.com/topo/-/topo-1.1.0.tgz#e9d751615d1bb87dc865db182fa1ca0a5ef536d5"
    dependencies:
      hoek "2.x.x"
  
  type-is@~1.6.14:
    version "1.6.14"
    resolved "https://registry.yarnpkg.com/type-is/-/type-is-1.6.14.tgz#e219639c17ded1ca0789092dd54a03826b817cb2"
    dependencies:
      media-typer "0.3.0"
      mime-types "~2.1.13"
  
  uid-safe@~2.1.3:
    version "2.1.3"
    resolved "https://registry.yarnpkg.com/uid-safe/-/uid-safe-2.1.3.tgz#077e264a00b3187936b270bb7376a26473631071"
    dependencies:
      base64-url "1.3.3"
      random-bytes "~1.0.0"
  
  unpipe@1.0.0, unpipe@~1.0.0:
    version "1.0.0"
    resolved "https://registry.yarnpkg.com/unpipe/-/unpipe-1.0.0.tgz#b2bf4ee8514aae6165b4817829d21b2ef49904ec"
  
  util-deprecate@~1.0.1:
    version "1.0.2"
    resolved "https://registry.yarnpkg.com/util-deprecate/-/util-deprecate-1.0.2.tgz#450d4dc9fa70de732762fbd2d4a28981419a0ccf"
  
  utils-merge@1.0.0:
    version "1.0.0"
    resolved "https://registry.yarnpkg.com/utils-merge/-/utils-merge-1.0.0.tgz#0294fb922bb9375153541c4f7096231f287c8af8"
  
  uuid@^3.0.1:
    version "3.0.1"
    resolved "https://registry.yarnpkg.com/uuid/-/uuid-3.0.1.tgz#6544bba2dfda8c1cf17e629a3a305e2bb1fee6c1"
  
  vary@^1, vary@~1.1.0:
    version "1.1.0"
    resolved "https://registry.yarnpkg.com/vary/-/vary-1.1.0.tgz#e1e5affbbd16ae768dd2674394b9ad3022653140"
  
  xtend@^4.0.1:
    version "4.0.1"
    resolved "https://registry.yarnpkg.com/xtend/-/xtend-4.0.1.tgz#a5c6d532be656e23db820efb943a1f04998d63af"

Trace: 
  Error: getaddrinfo EAI_AGAIN registry.yarnpkg.com:443
      at Object.exports._errnoException (util.js:1023:11)
      at errnoException (dns.js:33:15)
      at GetAddrInfoReqWrap.onlookup [as oncomplete] (dns.js:76:26)
